<?xml version="1.0" encoding="UTF-8"?>
<testng-results skipped="0" failed="0" total="0" passed="0">
  <reporter-output>
  </reporter-output>
  <suite name="Suite" duration-ms="45626" started-at="2016-08-25T12:09:34Z" finished-at="2016-08-25T12:10:20Z">
    <groups>
    </groups>
    <test name="Test" duration-ms="45626" started-at="2016-08-25T12:09:34Z" finished-at="2016-08-25T12:10:20Z">
      <class name="CI_Project.Perfecto_CI.RemoteWebDriverTest">
        <test-method status="PASS" signature="main()[pri:0, instance:CI_Project.Perfecto_CI.RemoteWebDriverTest@adede5]" name="main" is-config="true" duration-ms="45616" started-at="2016-08-25T17:39:34Z" finished-at="2016-08-25T17:40:20Z">
          <reporter-output>
          </reporter-output>
        </test-method> <!-- main -->
      </class> <!-- CI_Project.Perfecto_CI.RemoteWebDriverTest -->
    </test> <!-- Test -->
  </suite> <!-- Suite -->
</testng-results>
